<?xml version="1.0" encoding="UTF-8"?>
<!-- Generated by org.testng.reporters.JUnitXMLReporter -->
<testsuite hostname="DESKTOP-M63E6U6" ignored="0" name="Test" tests="1" failures="1" timestamp="05 May 2020 14:20:25 GMT" time="0.04" errors="0">
  <testcase name="@AfterMethod attachscreenshotintoreport" time="0.005" classname="com.Frameworkutility.UtilityClass">
    <failure type="java.lang.NullPointerException">
      <![CDATA[java.lang.NullPointerException
at com.Frameworkutility.UtilityClass.attachscreenshotintoreport(UtilityClass.java:67)
... Removed 32 stack frames]]>
    </failure>
  </testcase> <!-- @AfterMethod attachscreenshotintoreport -->
  <testcase name="executionwindow" time="0.001" classname="com.Testrunner.Testexecution">
    <failure type="java.lang.NullPointerException">
      <![CDATA[java.lang.NullPointerException
at com.Testrunner.Testexecution.executionwindow(Testexecution.java:22)
... Removed 29 stack frames]]>
    </failure>
  </testcase> <!-- executionwindow -->
</testsuite> <!-- Test -->
